<?xml version="1.0" encoding="UTF-8"?>
<!-- Generated by org.testng.reporters.JUnitReportReporter -->
<testsuite hostname="DESKTOP-V185R8G" failures="0" tests="3" name="com.google.CrediveroDemo2" time="31.040" errors="0" timestamp="2022-03-14T16:21:51 CST" skipped="0">
  <testcase classname="com.google.CrediveroDemo2" name="f" time="8.396"/>
  <system-out/>
  <testcase classname="com.google.CrediveroDemo2" name="Test3" time="7.534"/>
  <system-out/>
  <testcase classname="com.google.CrediveroDemo2" name="Test2" time="15.110"/>
  <system-out/>
</testsuite> <!-- com.google.CrediveroDemo2 -->
