<?xml version="1.0" encoding="UTF-8"?>
<!-- Generated by org.testng.reporters.JUnitReportReporter -->
<testsuite hostname="DESKTOP-V185R8G" failures="0" tests="1" name="com.opensource.qa.NAdmin" time="11.226" errors="0" timestamp="06 Jan 2022 23:51:57 GMT" skipped="0">
  <testcase classname="com.opensource.qa.NAdmin" name="TC001_Admin_SearchEmployee" time="11.226"/>
</testsuite> <!-- com.opensource.qa.NAdmin -->
