<?xml version="1.0" encoding="UTF-8"?>
<!-- Generated by org.testng.reporters.JUnitReportReporter -->
<testsuite hostname="DESKTOP-V185R8G" failures="0" tests="1" name="com.google.CrediveroDemo" time="6.530" errors="0" timestamp="2022-03-14T16:21:51 CST" skipped="0">
  <testcase classname="com.google.CrediveroDemo" name="PrincipalTest" time="6.530"/>
  <system-out/>
</testsuite> <!-- com.google.CrediveroDemo -->
